[0313/194918.562:ERROR:third_party\crashpad\crashpad\util\win\registration_protocol_win.cc:108] CreateFile: Access is denied. (0x5)
[30980:38304:0313/194919.685:FATAL:mojo\public\cpp\platform\platform_channel.cc:170] Check failed: . : Access is denied. (0x5)
[30980:32804:0313/194919.688:ERROR:chrome\installer\util\google_update_settings.cc:508] Failed opening key Software\Microsoft\EdgeUpdate\ClientStateMedium\{56EB18F8-B008-4CBD-B6D2-8C97FE7E9062} to set usagestats; result: 5
[0313/194919.693:ERROR:third_party\crashpad\crashpad\client\crashpad_client_win.cc:154] crash server failed to launch
[30980:17472:0313/194919.698:ERROR:chrome\installer\util\google_update_settings.cc:541] Failed opening key Software\Microsoft\EdgeUpdate\ClientStateMedium\{56EB18F8-B008-4CBD-B6D2-8C97FE7E9062} to set urlstats; result: 5
[30980:35120:0313/194919.830:ERROR:content\browser\network_sandbox.cc:385] Failed to grant sandbox access to cache directory c:\Users\alexm\games\.edge_shot\Default\Cache\Cache_Data: Access is denied. (0x5)
[30980:35120:0313/194919.836:ERROR:content\browser\network_sandbox.cc:318] Failed to grant sandbox access to NoVarySearch directory c:\Users\alexm\games\.edge_shot\Default\Cache\No_Vary_Search: Access is denied. (0x5)
[30980:35120:0313/194919.840:ERROR:content\browser\network_sandbox.cc:318] Failed to grant sandbox access to SharedDictionary directory c:\Users\alexm\games\.edge_shot\Default\Shared Dictionary: Access is denied. (0x5)
[30980:35120:0313/194919.843:ERROR:content\browser\network_sandbox.cc:490] Failed to grant sandbox access to network context data directory c:\Users\alexm\games\.edge_shot\Default\Network: Access is denied. (0x5)
[30980:38292:0313/194919.934:ERROR:content\browser\network_sandbox.cc:490] Failed to grant sandbox access to network context data directory c:\Users\alexm\games\.edge_shot\Default\Safe Browsing Network: Access is denied. (0x5)
[30980:17472:0313/194920.327:ERROR:chrome\installer\util\google_update_settings.cc:508] Failed opening key Software\Microsoft\EdgeUpdate\ClientStateMedium\{56EB18F8-B008-4CBD-B6D2-8C97FE7E9062} to set usagestats; result: 5
[30980:38804:0313/194920.330:ERROR:content\browser\network_service_instance_impl.cc:249] Encountered error while migrating network context data or granting sandbox access for c:\Users\alexm\games\.edge_shot\Default\Network. Result: 6: The operation completed successfully. (0x0)
[30980:32228:0313/194920.384:ERROR:content\browser\network_sandbox.cc:385] Failed to grant sandbox access to cache directory c:\Users\alexm\games\.edge_shot\Default\Storage\ext\ihmafllikibpmigkcoadcmckbfhibefp\def\Cache\Cache_Data: Access is denied. (0x5)
[30980:32228:0313/194920.388:ERROR:content\browser\network_sandbox.cc:318] Failed to grant sandbox access to NoVarySearch directory c:\Users\alexm\games\.edge_shot\Default\Storage\ext\ihmafllikibpmigkcoadcmckbfhibefp\def\Cache\No_Vary_Search: Access is denied. (0x5)
[30980:32228:0313/194920.391:ERROR:content\browser\network_sandbox.cc:318] Failed to grant sandbox access to SharedDictionary directory c:\Users\alexm\games\.edge_shot\Default\Storage\ext\ihmafllikibpmigkcoadcmckbfhibefp\def\Shared Dictionary: Access is denied. (0x5)
[30980:32228:0313/194920.395:ERROR:content\browser\network_sandbox.cc:490] Failed to grant sandbox access to network context data directory c:\Users\alexm\games\.edge_shot\Default\Storage\ext\ihmafllikibpmigkcoadcmckbfhibefp\def\Network: Access is denied. (0x5)
[30980:38804:0313/194920.433:ERROR:content\browser\network_service_instance_impl.cc:249] Encountered error while migrating network context data or granting sandbox access for c:\Users\alexm\games\.edge_shot\Default\Safe Browsing Network. Result: 6: Access is denied. (0x5)
[30980:38804:0313/194920.461:ERROR:content\browser\network_service_instance_impl.cc:249] Encountered error while migrating network context data or granting sandbox access for c:\Users\alexm\games\.edge_shot\Default\Storage\ext\ihmafllikibpmigkcoadcmckbfhibefp\def\Network. Result: 6: The operation completed successfully. (0x0)
[30980:4360:0313/194925.584:ERROR:chrome\browser\edge_aadc\user_age_utils_win.cc:163] couldn't get user2.
[30980:4360:0313/194925.585:ERROR:chrome\browser\edge_aadc\user_age_utils_win.cc:310] couldn't get windows user age group.
[30980:4360:0313/194925.586:ERROR:chrome\browser\edge_aadc\user_age_utils_win.cc:156] callback wasn't called.
